#
# A fatal error has been detected by the Java Runtime Environment:
#
#  EXCEPTION_ACCESS_VIOLATION (0xc0000005) at pc=0x00007ff8773cfc07, pid=12552, tid=0x0000000000002980
#
# JRE version: Java(TM) SE Runtime Environment (8.0_121-b13) (build 1.8.0_121-b13)
# Java VM: Java HotSpot(TM) 64-Bit Server VM (25.121-b13 mixed mode windows-amd64 compressed oops)
# Problematic frame:
# C  [lwjgl_opengl.dll+0xfc07]
#
# Failed to write core dump. Minidumps are not enabled by default on client versions of Windows
#
# If you would like to submit a bug report, please visit:
#   http://bugreport.java.com/bugreport/crash.jsp
# The crash happened outside the Java Virtual Machine in native code.
# See problematic frame for where to report the bug.
#

---------------  T H R E A D  ---------------

Current thread (0x0000000002705800):  JavaThread "main" [_thread_in_native, id=10624, stack(0x0000000002600000,0x0000000002700000)]

siginfo: ExceptionCode=0xc0000005, reading address 0x00000000000024d8

Registers:
RAX=0x0000000070b8fd50, RBX=0x000000001bafd570, RCX=0x0000000000000000, RDX=0x00000000026ff2c0
RSP=0x00000000026ff1e8, RBP=0x00000000026ff2b0, RSI=0x0000000000200021, RDI=0x00000000028083fd
R8 =0x0000000000000004, R9 =0x0000000002518010, R10=0x0000000002820fe0, R11=0x000000007061b820
R12=0x0000000000000000, R13=0x000000001bafd570, R14=0x00000000026ff328, R15=0x0000000002705800
RIP=0x00007ff8773cfc07, EFLAGS=0x0000000000010202

Top of Stack: (sp=0x00000000026ff1e8)
0x00000000026ff1e8:   000000000282100c 0000000000000000
0x00000000026ff1f8:   00007ff895d65f20 00000000027052e0
0x00000000026ff208:   00000000704a74aa 3ff0000000000000
0x00000000026ff218:   bff0000000000000 3ff0000000000000
0x00000000026ff228:   bff0000000000000 00000000028083fd
0x00000000026ff238:   0000000002820a5d 0000000002705800
0x00000000026ff248:   000000001bafd570 0000000000200021
0x00000000026ff258:   0000000002705800 00000000026ff3d8
0x00000000026ff268:   0000000002820a22 00000000026ff270
0x00000000026ff278:   000000001bafd570 00000000026ff328
0x00000000026ff288:   000000001bb1d428 0000000000000000
0x00000000026ff298:   000000001bafd570 0000000000000000
0x00000000026ff2a8:   00000000026ff2d0 00000000026ff370
0x00000000026ff2b8:   00000000028083fd 000000076ba6e010
0x00000000026ff2c8:   00000000028171b8 bff0000000000000
0x00000000026ff2d8:   00000000026ff370 3ff0000000000000 

Instructions: (pc=0x00007ff8773cfc07)
0x00007ff8773cfbe7:   10 5c 24 30 f2 0f 10 54 24 28 f2 0f 11 44 24 30
0x00007ff8773cfbf7:   0f 28 c5 48 8b 48 18 f2 0f 11 4c 24 28 0f 28 cc
0x00007ff8773cfc07:   48 ff a1 d8 24 00 00 cc cc 48 8b 01 0f 28 c2 48
0x00007ff8773cfc17:   8b 48 18 48 ff a1 e0 24 00 00 cc cc cc cc cc cc 


Register to memory mapping:

RAX=0x0000000070b8fd50 is an unknown value
RBX={method} {0x000000001bafd578} 'nglOrtho' '(DDDDDD)V' in 'org/lwjgl/opengl/GL11'
RCX=0x0000000000000000 is an unknown value
RDX=0x00000000026ff2c0 is pointing into the stack for thread: 0x0000000002705800
RSP=0x00000000026ff1e8 is pointing into the stack for thread: 0x0000000002705800
RBP=0x00000000026ff2b0 is pointing into the stack for thread: 0x0000000002705800
RSI=0x0000000000200021 is an unknown value
RDI=0x00000000028083fd is at code_begin+2301 in an Interpreter codelet
invoke return entry points  [0x0000000002807b00, 0x00000000028084e0]  2528 bytes
R8 =0x0000000000000004 is an unknown value
R9 =0x0000000002518010 is an unknown value
R10=0x0000000002820fe0 is at code_begin+1632 in an Interpreter codelet
method entry point (kind = native)  [0x0000000002820980, 0x00000000028219a0]  4128 bytes
R11=0x000000007061b820 is an unknown value
R12=0x0000000000000000 is an unknown value
R13={method} {0x000000001bafd578} 'nglOrtho' '(DDDDDD)V' in 'org/lwjgl/opengl/GL11'
R14=0x00000000026ff328 is pointing into the stack for thread: 0x0000000002705800
R15=0x0000000002705800 is a thread


Stack: [0x0000000002600000,0x0000000002700000],  sp=0x00000000026ff1e8,  free space=1020k
Native frames: (J=compiled Java code, j=interpreted, Vv=VM code, C=native code)
C  [lwjgl_opengl.dll+0xfc07]

Java frames: (J=compiled Java code, j=interpreted, Vv=VM code)
j  org.lwjgl.opengl.GL11.nglOrtho(DDDDDD)V+0
j  org.lwjgl.opengl.GL11.glOrtho(DDDDDD)V+10
j  se.wiklund.haderengine.graphics.Window.createWindow()V+124
j  se.wiklund.haderengine.graphics.Window.<init>(Ljava/lang/String;Z)V+15
j  se.wiklund.haderengine.Main.main([Ljava/lang/String;)V+26
v  ~StubRoutines::call_stub

---------------  P R O C E S S  ---------------

Java Threads: ( => current thread )
  0x000000001e133800 JavaThread "AWT-Windows" daemon [_thread_in_native, id=2256, stack(0x000000001e9d0000,0x000000001ead0000)]
  0x000000001e131000 JavaThread "AWT-Shutdown" [_thread_blocked, id=76, stack(0x000000001e8d0000,0x000000001e9d0000)]
  0x000000001e130000 JavaThread "Java2D Disposer" daemon [_thread_blocked, id=13512, stack(0x000000001e7d0000,0x000000001e8d0000)]
  0x000000001de44800 JavaThread "Service Thread" daemon [_thread_blocked, id=5816, stack(0x000000001e1e0000,0x000000001e2e0000)]
  0x000000001be94000 JavaThread "C1 CompilerThread2" daemon [_thread_blocked, id=7984, stack(0x000000001dce0000,0x000000001dde0000)]
  0x000000001be90800 JavaThread "C2 CompilerThread1" daemon [_thread_in_native, id=13476, stack(0x000000001dbe0000,0x000000001dce0000)]
  0x000000001be8c800 JavaThread "C2 CompilerThread0" daemon [_thread_in_native, id=10176, stack(0x000000001dae0000,0x000000001dbe0000)]
  0x000000001be7f800 JavaThread "JDWP Command Reader" daemon [_thread_in_native, id=11092, stack(0x000000001d9e0000,0x000000001dae0000)]
  0x000000001be7e000 JavaThread "JDWP Event Helper Thread" daemon [_thread_blocked, id=14844, stack(0x000000001d8e0000,0x000000001d9e0000)]
  0x000000001be71000 JavaThread "JDWP Transport Listener: dt_socket" daemon [_thread_blocked, id=9704, stack(0x000000001d7e0000,0x000000001d8e0000)]
  0x000000001be63800 JavaThread "Attach Listener" daemon [_thread_blocked, id=7724, stack(0x000000001d3a0000,0x000000001d4a0000)]
  0x000000001be62000 JavaThread "Signal Dispatcher" daemon [_thread_blocked, id=8272, stack(0x000000001d2a0000,0x000000001d3a0000)]
  0x000000001be4a000 JavaThread "Finalizer" daemon [_thread_blocked, id=13940, stack(0x000000001d0b0000,0x000000001d1b0000)]
  0x00000000027f4000 JavaThread "Reference Handler" daemon [_thread_blocked, id=6532, stack(0x000000001cfb0000,0x000000001d0b0000)]
=>0x0000000002705800 JavaThread "main" [_thread_in_native, id=10624, stack(0x0000000002600000,0x0000000002700000)]

Other Threads:
  0x000000001be28000 VMThread [stack: 0x000000001ceb0000,0x000000001cfb0000] [id=15900]
  0x000000001de4b800 WatcherThread [stack: 0x000000001e2e0000,0x000000001e3e0000] [id=15532]

VM state:not at safepoint (normal execution)

VM Mutex/Monitor currently owned by a thread: None

Heap:
 PSYoungGen      total 76288K, used 13239K [0x000000076af00000, 0x0000000770400000, 0x00000007c0000000)
  eden space 65536K, 20% used [0x000000076af00000,0x000000076bbede68,0x000000076ef00000)
  from space 10752K, 0% used [0x000000076f980000,0x000000076f980000,0x0000000770400000)
  to   space 10752K, 0% used [0x000000076ef00000,0x000000076ef00000,0x000000076f980000)
 ParOldGen       total 175104K, used 0K [0x00000006c0c00000, 0x00000006cb700000, 0x000000076af00000)
  object space 175104K, 0% used [0x00000006c0c00000,0x00000006c0c00000,0x00000006cb700000)
 Metaspace       used 7219K, capacity 7386K, committed 7552K, reserved 1056768K
  class space    used 756K, capacity 805K, committed 896K, reserved 1048576K

Card table byte_map: [0x0000000011bc0000,0x00000000123c0000] byte_map_base: 0x000000000e5ba000

Marking Bits: (ParMarkBitMap*) 0x0000000070c0b6d0
 Begin Bits: [0x0000000012d20000, 0x0000000016cf0000)
 End Bits:   [0x0000000016cf0000, 0x000000001acc0000)

Polling page: 0x0000000000c90000

CodeCache: size=245760Kb used=2580Kb max_used=2580Kb free=243179Kb
 bounds [0x0000000002800000, 0x0000000002a90000, 0x0000000011800000]
 total_blobs=1230 nmethods=493 adapters=658
 compilation: enabled

Compilation events (10 events):
Event: 0.997 Thread 0x000000001be94000  491       3       java.util.regex.Pattern$CharProperty::match (56 bytes)
Event: 0.997 Thread 0x000000001be94000 nmethod 491 0x0000000002a7e150 code [0x0000000002a7e2e0, 0x0000000002a7e7c8]
Event: 0.997 Thread 0x000000001be94000  492       3       java.util.regex.Pattern$Node::match (27 bytes)
Event: 0.997 Thread 0x000000001be94000 nmethod 492 0x0000000002a7dcd0 code [0x0000000002a7de40, 0x0000000002a7dff0]
Event: 0.998 Thread 0x000000001be94000  493       3       java.lang.Integer::parseInt (261 bytes)
Event: 0.998 Thread 0x000000001be94000 nmethod 493 0x0000000002a80910 code [0x0000000002a80d20, 0x0000000002a82b08]
Event: 0.998 Thread 0x000000001be94000  494       3       sun.nio.cs.ThreadLocalCoders$Cache::forName (108 bytes)
Event: 0.999 Thread 0x000000001be94000 nmethod 494 0x0000000002a84090 code [0x0000000002a84300, 0x0000000002a85808]
Event: 1.000 Thread 0x000000001be94000  496       3       sun.misc.URLClassPath::getResource (83 bytes)
Event: 1.000 Thread 0x000000001be94000 nmethod 496 0x0000000002a7d5d0 code [0x0000000002a7d760, 0x0000000002a7db48]

GC Heap History (0 events):
No events

Deoptimization events (2 events):
Event: 0.188 Thread 0x0000000002705800 Uncommon trap: reason=null_check action=make_not_entrant pc=0x000000000297dba0 method=java.lang.String.equals(Ljava/lang/Object;)Z @ 8
Event: 0.230 Thread 0x0000000002705800 Uncommon trap: reason=unstable_if action=reinterpret pc=0x00000000029d64c4 method=java.lang.String.indexOf([CII[CIII)I @ 134

Internal exceptions (10 events):
Event: 0.125 Thread 0x0000000002705800 Exception <a 'java/io/FileNotFoundException'> (0x000000076afe2f48) thrown at [C:\re\workspace\8-2-build-windows-amd64-cygwin\jdk8u121\8372\hotspot\src\share\vm\prims\jni.cpp, line 709]
Event: 0.150 Thread 0x0000000002705800 Exception <a 'java/lang/NoSuchFieldError': method resolution failed> (0x000000076b33fd40) thrown at [C:\re\workspace\8-2-build-windows-amd64-cygwin\jdk8u121\8372\hotspot\src\share\vm\prims\methodHandles.cpp, line 1146]
Event: 0.153 Thread 0x0000000002705800 Exception <a 'java/lang/NoSuchFieldError': method resolution failed> (0x000000076b34d110) thrown at [C:\re\workspace\8-2-build-windows-amd64-cygwin\jdk8u121\8372\hotspot\src\share\vm\prims\methodHandles.cpp, line 1146]
Event: 0.188 Thread 0x0000000002705800 Implicit null exception at 0x000000000297d8e0 to 0x000000000297db91
Event: 0.999 Thread 0x0000000002705800 Exception <a 'sun/nio/fs/WindowsException'> (0x000000076bae7a30) thrown at [C:\re\workspace\8-2-build-windows-amd64-cygwin\jdk8u121\8372\hotspot\src\share\vm\prims\jni.cpp, line 709]
Event: 0.999 Thread 0x0000000002705800 Exception <a 'sun/nio/fs/WindowsException'> (0x000000076bae8260) thrown at [C:\re\workspace\8-2-build-windows-amd64-cygwin\jdk8u121\8372\hotspot\src\share\vm\prims\jni.cpp, line 709]
Event: 0.999 Thread 0x0000000002705800 Exception <a 'sun/nio/fs/WindowsException'> (0x000000076baeac30) thrown at [C:\re\workspace\8-2-build-windows-amd64-cygwin\jdk8u121\8372\hotspot\src\share\vm\prims\jni.cpp, line 709]
Event: 0.999 Thread 0x0000000002705800 Exception <a 'sun/nio/fs/WindowsException'> (0x000000076baeb158) thrown at [C:\re\workspace\8-2-build-windows-amd64-cygwin\jdk8u121\8372\hotspot\src\share\vm\prims\jni.cpp, line 709]
Event: 1.000 Thread 0x0000000002705800 Exception <a 'sun/nio/fs/WindowsException'> (0x000000076baebb30) thrown at [C:\re\workspace\8-2-build-windows-amd64-cygwin\jdk8u121\8372\hotspot\src\share\vm\prims\jni.cpp, line 709]
Event: 1.000 Thread 0x0000000002705800 Exception <a 'sun/nio/fs/WindowsException'> (0x000000076baebfc0) thrown at [C:\re\workspace\8-2-build-windows-amd64-cygwin\jdk8u121\8372\hotspot\src\share\vm\prims\jni.cpp, line 709]

Events (10 events):
Event: 1.000 Thread 0x0000000002705800 DEOPT PACKING pc=0x00000000029e5aa4 sp=0x00000000026fa8a0
Event: 1.000 Thread 0x0000000002705800 DEOPT UNPACKING pc=0x000000000284787f sp=0x00000000026fa6c0 mode 1
Event: 1.000 Thread 0x0000000002705800 DEOPT PACKING pc=0x00000000029e583c sp=0x00000000026faa30
Event: 1.000 Thread 0x0000000002705800 DEOPT UNPACKING pc=0x000000000284787f sp=0x00000000026fa868 mode 1
Event: 1.001 loading class org/lwjgl/system/SharedLibrary$Delegate
Event: 1.001 loading class org/lwjgl/system/SharedLibrary$Delegate done
Event: 1.001 Thread 0x0000000002705800 DEOPT PACKING pc=0x00000000029e5aa4 sp=0x00000000026f83a0
Event: 1.001 Thread 0x0000000002705800 DEOPT UNPACKING pc=0x000000000284787f sp=0x00000000026f81c0 mode 1
Event: 1.001 Thread 0x0000000002705800 DEOPT PACKING pc=0x00000000029e583c sp=0x00000000026f8530
Event: 1.001 Thread 0x0000000002705800 DEOPT UNPACKING pc=0x000000000284787f sp=0x00000000026f8368 mode 1


Dynamic libraries:
0x00007ff68bb50000 - 0x00007ff68bb87000 	C:\Program Files\Java\jre1.8.0_121\bin\javaw.exe
0x00007ff895cc0000 - 0x00007ff895e91000 	C:\Windows\SYSTEM32\ntdll.dll
0x00007ff8943d0000 - 0x00007ff89447b000 	C:\Windows\System32\KERNEL32.DLL
0x00007ff892e60000 - 0x00007ff89307d000 	C:\Windows\System32\KERNELBASE.dll
0x00007ff893940000 - 0x00007ff8939e2000 	C:\Windows\System32\ADVAPI32.dll
0x00007ff893250000 - 0x00007ff8932ee000 	C:\Windows\System32\msvcrt.dll
0x00007ff895a00000 - 0x00007ff895a59000 	C:\Windows\System32\sechost.dll
0x00007ff893e20000 - 0x00007ff893f41000 	C:\Windows\System32\RPCRT4.dll
0x00007ff8932f0000 - 0x00007ff893455000 	C:\Windows\System32\USER32.dll
0x00007ff892370000 - 0x00007ff89238e000 	C:\Windows\System32\win32u.dll
0x00007ff895c80000 - 0x00007ff895cb4000 	C:\Windows\System32\GDI32.dll
0x00007ff892390000 - 0x00007ff892512000 	C:\Windows\System32\gdi32full.dll
0x00007ff88a7b0000 - 0x00007ff88aa29000 	C:\Windows\WinSxS\amd64_microsoft.windows.common-controls_6595b64144ccf1df_6.0.14393.447_none_42191651c6827bb3\COMCTL32.dll
0x00007ff8935b0000 - 0x00007ff893878000 	C:\Windows\System32\combase.dll
0x00007ff892cb0000 - 0x00007ff892da5000 	C:\Windows\System32\ucrtbase.dll
0x00007ff892260000 - 0x00007ff8922ca000 	C:\Windows\System32\bcryptPrimitives.dll
0x00007ff893560000 - 0x00007ff89358e000 	C:\Windows\System32\IMM32.DLL
0x000000006ffe0000 - 0x00000000700b2000 	C:\Program Files\Java\jre1.8.0_121\bin\msvcr100.dll
0x00000000703f0000 - 0x0000000070c8b000 	C:\Program Files\Java\jre1.8.0_121\bin\server\jvm.dll
0x00007ff895c70000 - 0x00007ff895c78000 	C:\Windows\System32\PSAPI.DLL
0x00007ff88aa30000 - 0x00007ff88aa39000 	C:\Windows\SYSTEM32\WSOCK32.dll
0x00007ff894480000 - 0x00007ff8944ea000 	C:\Windows\System32\WS2_32.dll
0x00007ff890480000 - 0x00007ff8904a3000 	C:\Windows\SYSTEM32\WINMM.dll
0x00007ff88d7f0000 - 0x00007ff88d7fa000 	C:\Windows\SYSTEM32\VERSION.dll
0x00007ff890420000 - 0x00007ff89044b000 	C:\Windows\SYSTEM32\WINMMBASE.dll
0x00007ff892580000 - 0x00007ff8925c2000 	C:\Windows\System32\cfgmgr32.dll
0x0000000070300000 - 0x000000007030f000 	C:\Program Files\Java\jre1.8.0_121\bin\verify.dll
0x00000000702d0000 - 0x00000000702f9000 	C:\Program Files\Java\jre1.8.0_121\bin\java.dll
0x0000000070200000 - 0x0000000070235000 	C:\Program Files\Java\jre1.8.0_121\bin\jdwp.dll
0x00000000701f0000 - 0x00000000701f8000 	C:\Program Files\Java\jre1.8.0_121\bin\npt.dll
0x00000000702b0000 - 0x00000000702c6000 	C:\Program Files\Java\jre1.8.0_121\bin\zip.dll
0x00007ff8944f0000 - 0x00007ff8959f9000 	C:\Windows\System32\SHELL32.dll
0x00007ff8925d0000 - 0x00007ff892caa000 	C:\Windows\System32\windows.storage.dll
0x00007ff892150000 - 0x00007ff89219c000 	C:\Windows\System32\powrprof.dll
0x00007ff894310000 - 0x00007ff894362000 	C:\Windows\System32\shlwapi.dll
0x00007ff8921a0000 - 0x00007ff8921af000 	C:\Windows\System32\kernel.appcore.dll
0x00007ff8921b0000 - 0x00007ff892259000 	C:\Windows\System32\shcore.dll
0x00007ff892120000 - 0x00007ff892134000 	C:\Windows\System32\profapi.dll
0x00000000701e0000 - 0x00000000701e9000 	C:\Program Files\Java\jre1.8.0_121\bin\dt_socket.dll
0x00007ff87e8b0000 - 0x00007ff87e8c6000 	C:\Windows\system32\napinsp.dll
0x00007ff87e8d0000 - 0x00007ff87e8ea000 	C:\Windows\system32\pnrpnsp.dll
0x00007ff890180000 - 0x00007ff890198000 	C:\Windows\system32\NLAapi.dll
0x00007ff891a50000 - 0x00007ff891aac000 	C:\Windows\System32\mswsock.dll
0x00007ff891820000 - 0x00007ff8918c0000 	C:\Windows\SYSTEM32\DNSAPI.dll
0x00007ff894090000 - 0x00007ff894098000 	C:\Windows\System32\NSI.dll
0x00007ff8917e0000 - 0x00007ff891818000 	C:\Windows\SYSTEM32\IPHLPAPI.DLL
0x00007ff880360000 - 0x00007ff88036e000 	C:\Windows\System32\winrnr.dll
0x00007ff88b220000 - 0x00007ff88b28a000 	C:\Windows\System32\fwpuclnt.dll
0x00007ff891d00000 - 0x00007ff891d2b000 	C:\Windows\SYSTEM32\bcrypt.dll
0x00007ff88ade0000 - 0x00007ff88adea000 	C:\Windows\System32\rasadhlp.dll
0x000000006fe40000 - 0x000000006ffd8000 	C:\Program Files\Java\jre1.8.0_121\bin\awt.dll
0x00007ff893880000 - 0x00007ff89393f000 	C:\Windows\System32\OLEAUT32.dll
0x00007ff8922d0000 - 0x00007ff89236c000 	C:\Windows\System32\msvcp_win.dll
0x00007ff8906d0000 - 0x00007ff89074a000 	C:\Windows\SYSTEM32\apphelp.dll
0x00007ff890870000 - 0x00007ff890905000 	C:\Windows\system32\uxtheme.dll
0x00007ff8940a0000 - 0x00007ff8941fb000 	C:\Windows\System32\MSCTF.dll
0x0000000070c90000 - 0x0000000070ccc000 	C:\Program Files\Fraps\fraps64.dll
0x00007ff88fbd0000 - 0x00007ff88fbf6000 	C:\Windows\system32\dwmapi.dll
0x00007ff893f50000 - 0x00007ff894087000 	C:\Windows\System32\ole32.dll
0x0000000070290000 - 0x00000000702aa000 	C:\Program Files\Java\jre1.8.0_121\bin\net.dll
0x0000000070270000 - 0x0000000070281000 	C:\Program Files\Java\jre1.8.0_121\bin\nio.dll
0x00007ff878100000 - 0x00007ff878157000 	C:\Users\Hadermite\AppData\Local\Temp\lwjglHadermite\3.1.1-build-16\lwjgl.dll
0x00007ff891c10000 - 0x00007ff891c1b000 	C:\Windows\SYSTEM32\CRYPTBASE.DLL
0x00007ff878310000 - 0x00007ff87834c000 	C:\Users\HADERM~1\AppData\Local\Temp\lwjglHadermite\3.1.1-build-16\glfw.dll
0x00007ff8780c0000 - 0x00007ff878100000 	C:\Windows\SYSTEM32\dinput8.dll
0x00007ff87d480000 - 0x00007ff87d48e000 	C:\Windows\SYSTEM32\xinput1_4.dll
0x00007ff890ce0000 - 0x00007ff890d08000 	C:\Windows\SYSTEM32\DEVOBJ.dll
0x00007ff891010000 - 0x00007ff89101c000 	C:\Windows\SYSTEM32\HID.DLL
0x00007ff8939f0000 - 0x00007ff893e19000 	C:\Windows\System32\SETUPAPI.DLL
0x00007ff892520000 - 0x00007ff892575000 	C:\Windows\System32\WINTRUST.dll
0x00007ff892140000 - 0x00007ff892150000 	C:\Windows\System32\MSASN1.dll
0x00007ff893080000 - 0x00007ff893249000 	C:\Windows\System32\CRYPT32.dll
0x00007ff873340000 - 0x00007ff873463000 	C:\Windows\SYSTEM32\opengl32.dll
0x00007ff878390000 - 0x00007ff8783bd000 	C:\Windows\SYSTEM32\GLU32.dll
0x00007ff877510000 - 0x00007ff877607000 	C:\Windows\SYSTEM32\DDRAW.dll
0x00007ff87c3a0000 - 0x00007ff87c3a8000 	C:\Windows\SYSTEM32\DCIMAN32.dll
0x000000006dca0000 - 0x000000006fe34000 	C:\Windows\SYSTEM32\nvoglv64.DLL
0x00007ff88f760000 - 0x00007ff88f773000 	C:\Windows\SYSTEM32\WTSAPI32.dll
0x00007ff891530000 - 0x00007ff891562000 	C:\Windows\SYSTEM32\ntmarta.dll
0x00007ff891290000 - 0x00007ff8912e6000 	C:\Windows\SYSTEM32\WINSTA.dll
0x00007ff8773c0000 - 0x00007ff87741f000 	C:\Users\Hadermite\AppData\Local\Temp\lwjglHadermite\3.1.1-build-16\lwjgl_opengl.dll
0x00007ff882130000 - 0x00007ff8822c2000 	C:\Windows\SYSTEM32\dbghelp.dll

VM Arguments:
jvm_args: -agentlib:jdwp=transport=dt_socket,suspend=y,address=localhost:61471 -Dfile.encoding=Cp1252 
java_command: se.wiklund.haderengine.Main
java_class_path (initial): C:\OneDrive\Dokument\Programming\Java Workspace\HaderEngine\bin;C:\OneDrive\Dokument\Programming\Java Workspace\HaderEngine\libs\LWJGL\joml-1.9.2-javadoc.jar;C:\OneDrive\Dokument\Programming\Java Workspace\HaderEngine\libs\LWJGL\joml-1.9.2-sources.jar;C:\OneDrive\Dokument\Programming\Java Workspace\HaderEngine\libs\LWJGL\joml-1.9.2.jar;C:\OneDrive\Dokument\Programming\Java Workspace\HaderEngine\libs\LWJGL\lwjgl-assimp-javadoc.jar;C:\OneDrive\Dokument\Programming\Java Workspace\HaderEngine\libs\LWJGL\lwjgl-assimp-natives-windows.jar;C:\OneDrive\Dokument\Programming\Java Workspace\HaderEngine\libs\LWJGL\lwjgl-assimp-sources.jar;C:\OneDrive\Dokument\Programming\Java Workspace\HaderEngine\libs\LWJGL\lwjgl-assimp.jar;C:\OneDrive\Dokument\Programming\Java Workspace\HaderEngine\libs\LWJGL\lwjgl-bgfx-javadoc.jar;C:\OneDrive\Dokument\Programming\Java Workspace\HaderEngine\libs\LWJGL\lwjgl-bgfx-natives-windows.jar;C:\OneDrive\Dokument\Programming\Java Workspace\HaderEngine\libs\LWJGL\lwjgl-bgfx-sources.jar;C:\OneDrive\Dokument\Programming\Java Workspace\HaderEngine\libs\LWJGL\lwjgl-bgfx.jar;C:\OneDrive\Dokument\Programming\Java Workspace\HaderEngine\libs\LWJGL\lwjgl-egl-javadoc.jar;C:\OneDrive\Dokument\Programming\Java Workspace\HaderEngine\libs\LWJGL\lwjgl-egl-sources.jar;C:\OneDrive\Dokument\Programming\Java Workspace\HaderEngine\libs\LWJGL\lwjgl-egl.jar;C:\OneDrive\Dokument\Programming\Java Workspace\HaderEngine\libs\LWJGL\lwjgl-glfw-javadoc.jar;C:\OneDrive\Dokument\Programming\Java Workspace\HaderEngine\libs\LWJGL\lwjgl-glfw-natives-windows.jar;C:\OneDrive\Dokument\Programming\Java Workspace\HaderEngine\libs\LWJGL\lwjgl-glfw-sources.jar;C:\OneDrive\Dokument\Programming\Java Workspace\HaderEngine\libs\LWJGL\lwjgl-glfw.jar;C:\OneDrive\Dokument\Programming\Java Workspace\HaderEngine\libs\LWJGL\lwjgl-javadoc.jar;C:\OneDrive\Dokument\Programming\Java Workspace\HaderEngine\libs\LWJGL\lwjgl-jawt-javadoc.jar;C:\OneDrive\Dokument\Programming\Java Works
Launcher Type: SUN_STANDARD

Environment Variables:
PATH=C:/Program Files/Java/jre1.8.0_121/bin/server;C:/Program Files/Java/jre1.8.0_121/bin;C:/Program Files/Java/jre1.8.0_121/lib/amd64;C:\Program Files (x86)\Intel\iCLS Client\;C:\Program Files\Intel\iCLS Client\;C:\Program Files\Python36\Scripts\;C:\Program Files\Python36\;C:\Program Files\Python35\Scripts\;C:\Program Files\Python35\;C:\ProgramData\Oracle\Java\javapath;C:\Windows\system32;C:\Windows;C:\Windows\System32\Wbem;C:\Windows\System32\WindowsPowerShell\v1.0\;C:\Program Files (x86)\Skype\Phone\;C:\Program Files (x86)\NVIDIA Corporation\PhysX\Common;C:\Program Files (x86)\GtkSharp\2.12\bin;C:\Windows\system32\config\systemprofile\.dnx\bin;C:\Program Files\Microsoft DNX\Dnvm\;C:\Program Files\Microsoft SQL Server\130\Tools\Binn\;C:\Program Files\Microsoft\Web Platform Installer\;C:\OneDrive\Dokument\Commands\;C:\Program Files\PuTTY\;C:\Program Files (x86)\Intel\Intel(R) Management Engine Components\DAL;C:\Program Files\Intel\Intel(R) Management Engine Components\DAL;C:\Program Files (x86)\Intel\Intel(R) Management Engine Components\IPT;C:\Program Files\Intel\Intel(R) Management Engine Components\IPT;C:\Program Files (x86)\Windows Kits\8.1\Windows Performance Toolkit\;C:\Users\Hadermite\AppData\Local\Microsoft\WindowsApps;;C:\Program Files (x86)\Microsoft VS Code\bin;C:\Users\Hadermite\eclipse;
USERNAME=Hadermite
OS=Windows_NT
PROCESSOR_IDENTIFIER=Intel64 Family 6 Model 60 Stepping 3, GenuineIntel



---------------  S Y S T E M  ---------------

OS: Windows 10.0 , 64 bit Build 14393 (10.0.14393.0)

CPU:total 4 (4 cores per cpu, 1 threads per core) family 6 model 60 stepping 3, cmov, cx8, fxsr, mmx, sse, sse2, sse3, ssse3, sse4.1, sse4.2, popcnt, avx, avx2, aes, clmul, erms, lzcnt, tsc, tscinvbit, bmi1, bmi2

Memory: 4k page, physical 16721936k(10765856k free), swap 19212304k(10796960k free)

vm_info: Java HotSpot(TM) 64-Bit Server VM (25.121-b13) for windows-amd64 JRE (1.8.0_121-b13), built on Dec 12 2016 18:21:36 by "java_re" with MS VC++ 10.0 (VS2010)

time: Thu Mar 09 23:01:05 2017
elapsed time: 1 seconds (0d 0h 0m 1s)

