#
# A fatal error has been detected by the Java Runtime Environment:
#
#  EXCEPTION_ACCESS_VIOLATION (0xc0000005) at pc=0x00007ff87649fc07, pid=1772, tid=0x0000000000000484
#
# JRE version: Java(TM) SE Runtime Environment (8.0_121-b13) (build 1.8.0_121-b13)
# Java VM: Java HotSpot(TM) 64-Bit Server VM (25.121-b13 mixed mode windows-amd64 compressed oops)
# Problematic frame:
# C  [lwjgl_opengl.dll+0xfc07]
#
# Failed to write core dump. Minidumps are not enabled by default on client versions of Windows
#
# If you would like to submit a bug report, please visit:
#   http://bugreport.java.com/bugreport/crash.jsp
# The crash happened outside the Java Virtual Machine in native code.
# See problematic frame for where to report the bug.
#

---------------  T H R E A D  ---------------

Current thread (0x0000000002f74800):  JavaThread "main" [_thread_in_native, id=1156, stack(0x0000000002e70000,0x0000000002f70000)]

siginfo: ExceptionCode=0xc0000005, reading address 0x00000000000024d8

Registers:
RAX=0x0000000070b8fd50, RBX=0x000000001c370640, RCX=0x0000000000000000, RDX=0x0000000002f6f2c0
RSP=0x0000000002f6f1e8, RBP=0x0000000002f6f2b0, RSI=0x00000000000007b8, RDI=0x0000000003077e70
R8 =0x0000000000000004, R9 =0x00000000015d79b0, R10=0x0000000003087f48, R11=0x000000007061b820
R12=0x0000000000000000, R13=0x000000001c370640, R14=0x0000000002f6f328, R15=0x0000000002f74800
RIP=0x00007ff87649fc07, EFLAGS=0x0000000000010202

Top of Stack: (sp=0x0000000002f6f1e8)
0x0000000002f6f1e8:   0000000003087f74 00000000015d79b0
0x0000000002f6f1f8:   00000000704bd45b 00000000015d8ac0
0x0000000002f6f208:   00000000704a74aa 3ff0000000000000
0x0000000002f6f218:   bff0000000000000 3ff0000000000000
0x0000000002f6f228:   bff0000000000000 0000000003077e70
0x0000000002f6f238:   0000000003087cdd 0000000002f74800
0x0000000002f6f248:   000000001c370640 00000000000007b8
0x0000000002f6f258:   0000000002f74800 0000000002f6f3d8
0x0000000002f6f268:   0000000003087ca2 0000000002f6f270
0x0000000002f6f278:   000000001c370640 0000000002f6f328
0x0000000002f6f288:   000000001c38f428 0000000000000000
0x0000000002f6f298:   000000001c370640 0000000000000000
0x0000000002f6f2a8:   0000000002f6f2d0 0000000002f6f370
0x0000000002f6f2b8:   000000000307835d 000000076ba29a98
0x0000000002f6f2c8:   00000000030819d8 bff0000000000000
0x0000000002f6f2d8:   0000000002f6f370 3ff0000000000000 

Instructions: (pc=0x00007ff87649fc07)
0x00007ff87649fbe7:   10 5c 24 30 f2 0f 10 54 24 28 f2 0f 11 44 24 30
0x00007ff87649fbf7:   0f 28 c5 48 8b 48 18 f2 0f 11 4c 24 28 0f 28 cc
0x00007ff87649fc07:   48 ff a1 d8 24 00 00 cc cc 48 8b 01 0f 28 c2 48
0x00007ff87649fc17:   8b 48 18 48 ff a1 e0 24 00 00 cc cc cc cc cc cc 


Register to memory mapping:

RAX=0x0000000070b8fd50 is an unknown value
RBX={method} {0x000000001c370648} 'nglOrtho' '(DDDDDD)V' in 'org/lwjgl/opengl/GL11'
RCX=0x0000000000000000 is an unknown value
RDX=0x0000000002f6f2c0 is pointing into the stack for thread: 0x0000000002f74800
RSP=0x0000000002f6f1e8 is pointing into the stack for thread: 0x0000000002f74800
RBP=0x0000000002f6f2b0 is pointing into the stack for thread: 0x0000000002f74800
RSI=0x00000000000007b8 is an unknown value
RDI=0x0000000003077e70 is at code_begin+1040 in an Interpreter codelet
invoke return entry points  [0x0000000003077a60, 0x0000000003078440]  2528 bytes
R8 =0x0000000000000004 is an unknown value
R9 =0x00000000015d79b0 is an unknown value
R10=0x0000000003087f48 is at code_begin+840 in an Interpreter codelet
method entry point (kind = native)  [0x0000000003087c00, 0x0000000003088560]  2400 bytes
R11=0x000000007061b820 is an unknown value
R12=0x0000000000000000 is an unknown value
R13={method} {0x000000001c370648} 'nglOrtho' '(DDDDDD)V' in 'org/lwjgl/opengl/GL11'
R14=0x0000000002f6f328 is pointing into the stack for thread: 0x0000000002f74800
R15=0x0000000002f74800 is a thread


Stack: [0x0000000002e70000,0x0000000002f70000],  sp=0x0000000002f6f1e8,  free space=1020k
Native frames: (J=compiled Java code, j=interpreted, Vv=VM code, C=native code)
C  [lwjgl_opengl.dll+0xfc07]

Java frames: (J=compiled Java code, j=interpreted, Vv=VM code)
j  org.lwjgl.opengl.GL11.nglOrtho(DDDDDD)V+0
j  org.lwjgl.opengl.GL11.glOrtho(DDDDDD)V+10
j  se.wiklund.haderengine.graphics.Window.createWindow()V+162
j  se.wiklund.haderengine.graphics.Window.<init>(Ljava/lang/String;Z)V+15
j  se.wiklund.haderengine.Main.main([Ljava/lang/String;)V+26
v  ~StubRoutines::call_stub

---------------  P R O C E S S  ---------------

Java Threads: ( => current thread )
  0x000000001e3a5000 JavaThread "AWT-Windows" daemon [_thread_in_native, id=15452, stack(0x000000001ec00000,0x000000001ed00000)]
  0x000000001e37a000 JavaThread "AWT-Shutdown" [_thread_blocked, id=14848, stack(0x000000001eb00000,0x000000001ec00000)]
  0x000000001e378800 JavaThread "Java2D Disposer" daemon [_thread_blocked, id=9008, stack(0x000000001ea00000,0x000000001eb00000)]
  0x000000001e02d000 JavaThread "Service Thread" daemon [_thread_blocked, id=16032, stack(0x000000001e410000,0x000000001e510000)]
  0x000000001c6de800 JavaThread "C1 CompilerThread2" daemon [_thread_blocked, id=9192, stack(0x000000001df10000,0x000000001e010000)]
  0x000000001c6d7800 JavaThread "C2 CompilerThread1" daemon [_thread_blocked, id=11716, stack(0x000000001de10000,0x000000001df10000)]
  0x000000001c6d3000 JavaThread "C2 CompilerThread0" daemon [_thread_blocked, id=14016, stack(0x000000001dd10000,0x000000001de10000)]
  0x000000001c6d1800 JavaThread "Attach Listener" daemon [_thread_blocked, id=10544, stack(0x000000001dc10000,0x000000001dd10000)]
  0x000000001c6d0000 JavaThread "Signal Dispatcher" daemon [_thread_blocked, id=9960, stack(0x000000001db10000,0x000000001dc10000)]
  0x000000001c6bc800 JavaThread "Finalizer" daemon [_thread_blocked, id=7656, stack(0x000000001d920000,0x000000001da20000)]
  0x0000000003064800 JavaThread "Reference Handler" daemon [_thread_blocked, id=12092, stack(0x000000001d820000,0x000000001d920000)]
=>0x0000000002f74800 JavaThread "main" [_thread_in_native, id=1156, stack(0x0000000002e70000,0x0000000002f70000)]

Other Threads:
  0x000000001c697000 VMThread [stack: 0x000000001d720000,0x000000001d820000] [id=4820]
  0x000000001e059000 WatcherThread [stack: 0x000000001e510000,0x000000001e610000] [id=7208]

VM state:not at safepoint (normal execution)

VM Mutex/Monitor currently owned by a thread: None

Heap:
 PSYoungGen      total 76288K, used 13123K [0x000000076af00000, 0x0000000770400000, 0x00000007c0000000)
  eden space 65536K, 20% used [0x000000076af00000,0x000000076bbd0ed8,0x000000076ef00000)
  from space 10752K, 0% used [0x000000076f980000,0x000000076f980000,0x0000000770400000)
  to   space 10752K, 0% used [0x000000076ef00000,0x000000076ef00000,0x000000076f980000)
 ParOldGen       total 175104K, used 0K [0x00000006c0c00000, 0x00000006cb700000, 0x000000076af00000)
  object space 175104K, 0% used [0x00000006c0c00000,0x00000006c0c00000,0x00000006cb700000)
 Metaspace       used 7228K, capacity 7426K, committed 7552K, reserved 1056768K
  class space    used 768K, capacity 837K, committed 896K, reserved 1048576K

Card table byte_map: [0x0000000012430000,0x0000000012c30000] byte_map_base: 0x000000000ee2a000

Marking Bits: (ParMarkBitMap*) 0x0000000070c0b6d0
 Begin Bits: [0x0000000013590000, 0x0000000017560000)
 End Bits:   [0x0000000017560000, 0x000000001b530000)

Polling page: 0x0000000001590000

CodeCache: size=245760Kb used=2609Kb max_used=2626Kb free=243150Kb
 bounds [0x0000000003070000, 0x0000000003310000, 0x0000000012070000]
 total_blobs=1258 nmethods=512 adapters=659
 compilation: enabled

Compilation events (10 events):
Event: 0.974 Thread 0x000000001c6de800  507       3       sun.nio.cs.ThreadLocalCoders$1::hasName (43 bytes)
Event: 0.974 Thread 0x000000001c6de800 nmethod 507 0x00000000032f36d0 code [0x00000000032f38a0, 0x00000000032f4578]
Event: 0.974 Thread 0x000000001c6de800  508       3       java.io.FilterInputStream::read (8 bytes)
Event: 0.974 Thread 0x000000001c6de800 nmethod 508 0x00000000032ec190 code [0x00000000032ec300, 0x00000000032ec528]
Event: 0.974 Thread 0x000000001c6de800  509       3       java.util.zip.InflaterInputStream::read (32 bytes)
Event: 0.974 Thread 0x000000001c6de800 nmethod 509 0x00000000032f2510 code [0x00000000032f26a0, 0x00000000032f2b18]
Event: 0.974 Thread 0x000000001c6d3000  510   !   4       sun.misc.URLClassPath$JarLoader::ensureOpen (36 bytes)
Event: 0.975 Thread 0x000000001c6d3000 nmethod 510 0x00000000032f2110 code [0x00000000032f2280, 0x00000000032f23c8]
Event: 0.977 Thread 0x000000001c6de800  511   !   3       java.net.URL::<init> (543 bytes)
Event: 0.977 Thread 0x000000001c6d3000  512       4       java.lang.String::indexOf (166 bytes)

GC Heap History (0 events):
No events

Deoptimization events (2 events):
Event: 0.135 Thread 0x0000000002f74800 Uncommon trap: reason=null_check action=make_not_entrant pc=0x00000000031df9c4 method=java.lang.String.equals(Ljava/lang/Object;)Z @ 8
Event: 0.176 Thread 0x0000000002f74800 Uncommon trap: reason=unstable_if action=reinterpret pc=0x000000000323b5f0 method=java.lang.String.indexOf([CII[CIII)I @ 134

Internal exceptions (10 events):
Event: 0.077 Thread 0x0000000002f74800 Exception <a 'java/io/FileNotFoundException'> (0x000000076afe2560) thrown at [C:\re\workspace\8-2-build-windows-amd64-cygwin\jdk8u121\8372\hotspot\src\share\vm\prims\jni.cpp, line 709]
Event: 0.100 Thread 0x0000000002f74800 Exception <a 'java/lang/NoSuchFieldError': method resolution failed> (0x000000076b1f7a70) thrown at [C:\re\workspace\8-2-build-windows-amd64-cygwin\jdk8u121\8372\hotspot\src\share\vm\prims\methodHandles.cpp, line 1146]
Event: 0.101 Thread 0x0000000002f74800 Exception <a 'java/lang/NoSuchFieldError': method resolution failed> (0x000000076b204e40) thrown at [C:\re\workspace\8-2-build-windows-amd64-cygwin\jdk8u121\8372\hotspot\src\share\vm\prims\methodHandles.cpp, line 1146]
Event: 0.135 Thread 0x0000000002f74800 Implicit null exception at 0x00000000031df7dc to 0x00000000031df9b5
Event: 0.975 Thread 0x0000000002f74800 Exception <a 'sun/nio/fs/WindowsException'> (0x000000076ba7b000) thrown at [C:\re\workspace\8-2-build-windows-amd64-cygwin\jdk8u121\8372\hotspot\src\share\vm\prims\jni.cpp, line 709]
Event: 0.976 Thread 0x0000000002f74800 Exception <a 'sun/nio/fs/WindowsException'> (0x000000076ba7b830) thrown at [C:\re\workspace\8-2-build-windows-amd64-cygwin\jdk8u121\8372\hotspot\src\share\vm\prims\jni.cpp, line 709]
Event: 0.976 Thread 0x0000000002f74800 Exception <a 'sun/nio/fs/WindowsException'> (0x000000076ba7e200) thrown at [C:\re\workspace\8-2-build-windows-amd64-cygwin\jdk8u121\8372\hotspot\src\share\vm\prims\jni.cpp, line 709]
Event: 0.976 Thread 0x0000000002f74800 Exception <a 'sun/nio/fs/WindowsException'> (0x000000076ba7e728) thrown at [C:\re\workspace\8-2-build-windows-amd64-cygwin\jdk8u121\8372\hotspot\src\share\vm\prims\jni.cpp, line 709]
Event: 0.976 Thread 0x0000000002f74800 Exception <a 'sun/nio/fs/WindowsException'> (0x000000076ba7f100) thrown at [C:\re\workspace\8-2-build-windows-amd64-cygwin\jdk8u121\8372\hotspot\src\share\vm\prims\jni.cpp, line 709]
Event: 0.976 Thread 0x0000000002f74800 Exception <a 'sun/nio/fs/WindowsException'> (0x000000076ba7f590) thrown at [C:\re\workspace\8-2-build-windows-amd64-cygwin\jdk8u121\8372\hotspot\src\share\vm\prims\jni.cpp, line 709]

Events (10 events):
Event: 0.976 loading class java/nio/file/FileSystemException done
Event: 0.976 loading class java/nio/file/NoSuchFileException done
Event: 0.977 loading class org/lwjgl/opengl/GL$1
Event: 0.977 loading class org/lwjgl/opengl/GL$1 done
Event: 0.977 loading class org/lwjgl/opengl/GL$SharedLibraryGL
Event: 0.977 loading class org/lwjgl/opengl/GL$SharedLibraryGL done
Event: 0.977 loading class org/lwjgl/system/SharedLibrary$Delegate
Event: 0.977 loading class org/lwjgl/system/SharedLibrary$Delegate done
Event: 0.977 Thread 0x0000000002f74800 DEOPT PACKING pc=0x000000000324c976 sp=0x0000000002f66f30
Event: 0.977 Thread 0x0000000002f74800 DEOPT UNPACKING pc=0x00000000030b787f sp=0x0000000002f66c08 mode 0


Dynamic libraries:
0x00007ff68bb50000 - 0x00007ff68bb87000 	C:\Program Files\Java\jre1.8.0_121\bin\javaw.exe
0x00007ff895cc0000 - 0x00007ff895e91000 	C:\Windows\SYSTEM32\ntdll.dll
0x00007ff8943d0000 - 0x00007ff89447b000 	C:\Windows\System32\KERNEL32.DLL
0x00007ff892e60000 - 0x00007ff89307d000 	C:\Windows\System32\KERNELBASE.dll
0x00007ff893940000 - 0x00007ff8939e2000 	C:\Windows\System32\ADVAPI32.dll
0x00007ff893250000 - 0x00007ff8932ee000 	C:\Windows\System32\msvcrt.dll
0x00007ff895a00000 - 0x00007ff895a59000 	C:\Windows\System32\sechost.dll
0x00007ff893e20000 - 0x00007ff893f41000 	C:\Windows\System32\RPCRT4.dll
0x00007ff8932f0000 - 0x00007ff893455000 	C:\Windows\System32\USER32.dll
0x00007ff892370000 - 0x00007ff89238e000 	C:\Windows\System32\win32u.dll
0x00007ff895c80000 - 0x00007ff895cb4000 	C:\Windows\System32\GDI32.dll
0x00007ff892390000 - 0x00007ff892512000 	C:\Windows\System32\gdi32full.dll
0x00007ff88a7b0000 - 0x00007ff88aa29000 	C:\Windows\WinSxS\amd64_microsoft.windows.common-controls_6595b64144ccf1df_6.0.14393.447_none_42191651c6827bb3\COMCTL32.dll
0x00007ff8935b0000 - 0x00007ff893878000 	C:\Windows\System32\combase.dll
0x00007ff892cb0000 - 0x00007ff892da5000 	C:\Windows\System32\ucrtbase.dll
0x00007ff892260000 - 0x00007ff8922ca000 	C:\Windows\System32\bcryptPrimitives.dll
0x00007ff893560000 - 0x00007ff89358e000 	C:\Windows\System32\IMM32.DLL
0x000000006ffe0000 - 0x00000000700b2000 	C:\Program Files\Java\jre1.8.0_121\bin\msvcr100.dll
0x00000000703f0000 - 0x0000000070c8b000 	C:\Program Files\Java\jre1.8.0_121\bin\server\jvm.dll
0x00007ff895c70000 - 0x00007ff895c78000 	C:\Windows\System32\PSAPI.DLL
0x00007ff88aa30000 - 0x00007ff88aa39000 	C:\Windows\SYSTEM32\WSOCK32.dll
0x00007ff894480000 - 0x00007ff8944ea000 	C:\Windows\System32\WS2_32.dll
0x00007ff890480000 - 0x00007ff8904a3000 	C:\Windows\SYSTEM32\WINMM.dll
0x00007ff88d7f0000 - 0x00007ff88d7fa000 	C:\Windows\SYSTEM32\VERSION.dll
0x00007ff890420000 - 0x00007ff89044b000 	C:\Windows\SYSTEM32\WINMMBASE.dll
0x00007ff892580000 - 0x00007ff8925c2000 	C:\Windows\System32\cfgmgr32.dll
0x0000000070300000 - 0x000000007030f000 	C:\Program Files\Java\jre1.8.0_121\bin\verify.dll
0x00000000702d0000 - 0x00000000702f9000 	C:\Program Files\Java\jre1.8.0_121\bin\java.dll
0x00000000702b0000 - 0x00000000702c6000 	C:\Program Files\Java\jre1.8.0_121\bin\zip.dll
0x00007ff8944f0000 - 0x00007ff8959f9000 	C:\Windows\System32\SHELL32.dll
0x00007ff8925d0000 - 0x00007ff892caa000 	C:\Windows\System32\windows.storage.dll
0x00007ff892150000 - 0x00007ff89219c000 	C:\Windows\System32\powrprof.dll
0x00007ff894310000 - 0x00007ff894362000 	C:\Windows\System32\shlwapi.dll
0x00007ff8921a0000 - 0x00007ff8921af000 	C:\Windows\System32\kernel.appcore.dll
0x00007ff8921b0000 - 0x00007ff892259000 	C:\Windows\System32\shcore.dll
0x00007ff892120000 - 0x00007ff892134000 	C:\Windows\System32\profapi.dll
0x000000006fe40000 - 0x000000006ffd8000 	C:\Program Files\Java\jre1.8.0_121\bin\awt.dll
0x00007ff893880000 - 0x00007ff89393f000 	C:\Windows\System32\OLEAUT32.dll
0x00007ff8922d0000 - 0x00007ff89236c000 	C:\Windows\System32\msvcp_win.dll
0x00007ff8906d0000 - 0x00007ff89074a000 	C:\Windows\SYSTEM32\apphelp.dll
0x00007ff890870000 - 0x00007ff890905000 	C:\Windows\system32\uxtheme.dll
0x00007ff8940a0000 - 0x00007ff8941fb000 	C:\Windows\System32\MSCTF.dll
0x0000000070c90000 - 0x0000000070ccc000 	C:\Program Files\Fraps\fraps64.dll
0x00007ff88fbd0000 - 0x00007ff88fbf6000 	C:\Windows\system32\dwmapi.dll
0x00007ff893f50000 - 0x00007ff894087000 	C:\Windows\System32\ole32.dll
0x0000000070290000 - 0x00000000702aa000 	C:\Program Files\Java\jre1.8.0_121\bin\net.dll
0x00007ff891a50000 - 0x00007ff891aac000 	C:\Windows\system32\mswsock.dll
0x0000000070270000 - 0x0000000070281000 	C:\Program Files\Java\jre1.8.0_121\bin\nio.dll
0x00007ff878360000 - 0x00007ff8783b7000 	C:\Users\Hadermite\AppData\Local\Temp\lwjglHadermite\3.1.1-build-16\lwjgl.dll
0x00007ff891c10000 - 0x00007ff891c1b000 	C:\Windows\SYSTEM32\CRYPTBASE.DLL
0x00007ff878320000 - 0x00007ff87835c000 	C:\Users\HADERM~1\AppData\Local\Temp\lwjglHadermite\3.1.1-build-16\glfw.dll
0x00007ff878120000 - 0x00007ff878160000 	C:\Windows\SYSTEM32\dinput8.dll
0x00007ff87d480000 - 0x00007ff87d48e000 	C:\Windows\SYSTEM32\xinput1_4.dll
0x00007ff890ce0000 - 0x00007ff890d08000 	C:\Windows\SYSTEM32\DEVOBJ.dll
0x00007ff891010000 - 0x00007ff89101c000 	C:\Windows\SYSTEM32\HID.DLL
0x00007ff8939f0000 - 0x00007ff893e19000 	C:\Windows\System32\SETUPAPI.DLL
0x00007ff892520000 - 0x00007ff892575000 	C:\Windows\System32\WINTRUST.dll
0x00007ff892140000 - 0x00007ff892150000 	C:\Windows\System32\MSASN1.dll
0x00007ff893080000 - 0x00007ff893249000 	C:\Windows\System32\CRYPT32.dll
0x00007ff873340000 - 0x00007ff873463000 	C:\Windows\SYSTEM32\opengl32.dll
0x00007ff8780f0000 - 0x00007ff87811d000 	C:\Windows\SYSTEM32\GLU32.dll
0x00007ff877510000 - 0x00007ff877607000 	C:\Windows\SYSTEM32\DDRAW.dll
0x00007ff87c3a0000 - 0x00007ff87c3a8000 	C:\Windows\SYSTEM32\DCIMAN32.dll
0x000000006dca0000 - 0x000000006fe34000 	C:\Windows\SYSTEM32\nvoglv64.DLL
0x00007ff88f760000 - 0x00007ff88f773000 	C:\Windows\SYSTEM32\WTSAPI32.dll
0x00007ff891530000 - 0x00007ff891562000 	C:\Windows\SYSTEM32\ntmarta.dll
0x00007ff891290000 - 0x00007ff8912e6000 	C:\Windows\SYSTEM32\WINSTA.dll
0x00007ff8773e0000 - 0x00007ff87741e000 	C:\Users\HADERM~1\AppData\Local\Temp\lwjglHadermite\3.1.1-build-16\jemalloc.dll
0x00007ff876490000 - 0x00007ff8764ef000 	C:\Users\Hadermite\AppData\Local\Temp\lwjglHadermite\3.1.1-build-16\lwjgl_opengl.dll
0x00007ff882130000 - 0x00007ff8822c2000 	C:\Windows\SYSTEM32\dbghelp.dll

VM Arguments:
jvm_args: -Dfile.encoding=Cp1252 
java_command: se.wiklund.haderengine.Main
java_class_path (initial): C:\OneDrive\Dokument\Programming\Java Workspace\HaderEngine\bin;C:\OneDrive\Dokument\Programming\Java Workspace\HaderEngine\libs\LWJGL\joml-1.9.2-javadoc.jar;C:\OneDrive\Dokument\Programming\Java Workspace\HaderEngine\libs\LWJGL\joml-1.9.2-sources.jar;C:\OneDrive\Dokument\Programming\Java Workspace\HaderEngine\libs\LWJGL\joml-1.9.2.jar;C:\OneDrive\Dokument\Programming\Java Workspace\HaderEngine\libs\LWJGL\lwjgl-assimp-javadoc.jar;C:\OneDrive\Dokument\Programming\Java Workspace\HaderEngine\libs\LWJGL\lwjgl-assimp-natives-windows.jar;C:\OneDrive\Dokument\Programming\Java Workspace\HaderEngine\libs\LWJGL\lwjgl-assimp-sources.jar;C:\OneDrive\Dokument\Programming\Java Workspace\HaderEngine\libs\LWJGL\lwjgl-assimp.jar;C:\OneDrive\Dokument\Programming\Java Workspace\HaderEngine\libs\LWJGL\lwjgl-bgfx-javadoc.jar;C:\OneDrive\Dokument\Programming\Java Workspace\HaderEngine\libs\LWJGL\lwjgl-bgfx-natives-windows.jar;C:\OneDrive\Dokument\Programming\Java Workspace\HaderEngine\libs\LWJGL\lwjgl-bgfx-sources.jar;C:\OneDrive\Dokument\Programming\Java Workspace\HaderEngine\libs\LWJGL\lwjgl-bgfx.jar;C:\OneDrive\Dokument\Programming\Java Workspace\HaderEngine\libs\LWJGL\lwjgl-egl-javadoc.jar;C:\OneDrive\Dokument\Programming\Java Workspace\HaderEngine\libs\LWJGL\lwjgl-egl-sources.jar;C:\OneDrive\Dokument\Programming\Java Workspace\HaderEngine\libs\LWJGL\lwjgl-egl.jar;C:\OneDrive\Dokument\Programming\Java Workspace\HaderEngine\libs\LWJGL\lwjgl-glfw-javadoc.jar;C:\OneDrive\Dokument\Programming\Java Workspace\HaderEngine\libs\LWJGL\lwjgl-glfw-natives-windows.jar;C:\OneDrive\Dokument\Programming\Java Workspace\HaderEngine\libs\LWJGL\lwjgl-glfw-sources.jar;C:\OneDrive\Dokument\Programming\Java Workspace\HaderEngine\libs\LWJGL\lwjgl-glfw.jar;C:\OneDrive\Dokument\Programming\Java Workspace\HaderEngine\libs\LWJGL\lwjgl-javadoc.jar;C:\OneDrive\Dokument\Programming\Java Workspace\HaderEngine\libs\LWJGL\lwjgl-jawt-javadoc.jar;C:\OneDrive\Dokument\Programming\Java Works
Launcher Type: SUN_STANDARD

Environment Variables:
PATH=C:/Program Files/Java/jre1.8.0_121/bin/server;C:/Program Files/Java/jre1.8.0_121/bin;C:/Program Files/Java/jre1.8.0_121/lib/amd64;C:\Program Files (x86)\Intel\iCLS Client\;C:\Program Files\Intel\iCLS Client\;C:\Program Files\Python36\Scripts\;C:\Program Files\Python36\;C:\Program Files\Python35\Scripts\;C:\Program Files\Python35\;C:\ProgramData\Oracle\Java\javapath;C:\Windows\system32;C:\Windows;C:\Windows\System32\Wbem;C:\Windows\System32\WindowsPowerShell\v1.0\;C:\Program Files (x86)\Skype\Phone\;C:\Program Files (x86)\NVIDIA Corporation\PhysX\Common;C:\Program Files (x86)\GtkSharp\2.12\bin;C:\Windows\system32\config\systemprofile\.dnx\bin;C:\Program Files\Microsoft DNX\Dnvm\;C:\Program Files\Microsoft SQL Server\130\Tools\Binn\;C:\Program Files\Microsoft\Web Platform Installer\;C:\OneDrive\Dokument\Commands\;C:\Program Files\PuTTY\;C:\Program Files (x86)\Intel\Intel(R) Management Engine Components\DAL;C:\Program Files\Intel\Intel(R) Management Engine Components\DAL;C:\Program Files (x86)\Intel\Intel(R) Management Engine Components\IPT;C:\Program Files\Intel\Intel(R) Management Engine Components\IPT;C:\Program Files (x86)\Windows Kits\8.1\Windows Performance Toolkit\;C:\Users\Hadermite\AppData\Local\Microsoft\WindowsApps;;C:\Program Files (x86)\Microsoft VS Code\bin;C:\Users\Hadermite\eclipse;
USERNAME=Hadermite
OS=Windows_NT
PROCESSOR_IDENTIFIER=Intel64 Family 6 Model 60 Stepping 3, GenuineIntel



---------------  S Y S T E M  ---------------

OS: Windows 10.0 , 64 bit Build 14393 (10.0.14393.0)

CPU:total 4 (4 cores per cpu, 1 threads per core) family 6 model 60 stepping 3, cmov, cx8, fxsr, mmx, sse, sse2, sse3, ssse3, sse4.1, sse4.2, popcnt, avx, avx2, aes, clmul, erms, lzcnt, tsc, tscinvbit, bmi1, bmi2

Memory: 4k page, physical 16721936k(10758580k free), swap 19212304k(10853388k free)

vm_info: Java HotSpot(TM) 64-Bit Server VM (25.121-b13) for windows-amd64 JRE (1.8.0_121-b13), built on Dec 12 2016 18:21:36 by "java_re" with MS VC++ 10.0 (VS2010)

time: Thu Mar 09 23:02:42 2017
elapsed time: 0 seconds (0d 0h 0m 0s)

